<?xml version="1.0" encoding="UTF-8"?>
<testsuite name="ta.converter.ConverterTest" tests="3" skipped="0" failures="0" errors="0" timestamp="2017-02-02T09:56:50" hostname="claudios-MacBook-Air.local" time="0.263">
  <properties/>
  <testcase name="testObtainedTAContainsAllTheStates" classname="ta.converter.ConverterTest" time="0.204"/>
  <testcase name="testObtainedTAContainsAllTheTransitions" classname="ta.converter.ConverterTest" time="0.036"/>
  <testcase name="testInitialState" classname="ta.converter.ConverterTest" time="0.022"/>
  <system-out><![CDATA[]]></system-out>
  <system-err><![CDATA[ANTLR Tool version 4.4 used for code generation does not match the current runtime version 4.6ANTLR Tool version 4.4 used for code generation does not match the current runtime version 4.6]]></system-err>
</testsuite>
