<?xml version="1.0" encoding="UTF-8"?>
<testsuite name="ta.converter.ConverterTest" tests="3" skipped="0" failures="0" errors="0" timestamp="2017-01-20T13:25:46" hostname="claudios-MacBook-Air.local" time="0.507">
  <properties/>
  <testcase name="testObtainedTAContainsAllTheStates" classname="ta.converter.ConverterTest" time="0.416"/>
  <testcase name="testObtainedTAContainsAllTheTransitions" classname="ta.converter.ConverterTest" time="0.022"/>
  <testcase name="testInitialState" classname="ta.converter.ConverterTest" time="0.067"/>
  <system-out><![CDATA[]]></system-out>
  <system-err><![CDATA[line 12:22 mismatched input ':=' expecting {';', ',', '&', '?', '++', '--', '+', '-', '*', '/', '%', '<=', '>=', '>', '==', '!=', '^', '|', '&&', '||', '+=', '-=', '*=', '/=', '&=', '|=', '^=', '>>=', '>>>=', '<<=', '%=', '=', ':=', '<'}
line 16:22 mismatched input ':=' expecting {';', ',', '&', '?', '++', '--', '+', '-', '*', '/', '%', '<=', '>=', '>', '==', '!=', '^', '|', '&&', '||', '+=', '-=', '*=', '/=', '&=', '|=', '^=', '>>=', '>>>=', '<<=', '%=', '=', ':=', '<'}
line 19:22 mismatched input ':=' expecting {';', ',', '&', '?', '++', '--', '+', '-', '*', '/', '%', '<=', '>=', '>', '==', '!=', '^', '|', '&&', '||', '+=', '-=', '*=', '/=', '&=', '|=', '^=', '>>=', '>>>=', '<<=', '%=', '=', ':=', '<'}
line 23:24 mismatched input ':=' expecting {';', ',', '&', '?', '++', '--', '+', '-', '*', '/', '%', '<=', '>=', '>', '==', '!=', '^', '|', '&&', '||', '+=', '-=', '*=', '/=', '&=', '|=', '^=', '>>=', '>>>=', '<<=', '%=', '=', ':=', '<'}
line 30:23 mismatched input ':=' expecting {';', ',', '&', '?', '++', '--', '+', '-', '*', '/', '%', '<=', '>=', '>', '==', '!=', '^', '|', '&&', '||', '+=', '-=', '*=', '/=', '&=', '|=', '^=', '>>=', '>>>=', '<<=', '%=', '=', ':=', '<'}
line 30:36 mismatched input ':=' expecting {';', ',', '&', '?', '++', '--', '+', '-', '*', '/', '%', '<=', '>=', '>', '==', '!=', '^', '|', '&&', '||', '+=', '-=', '*=', '/=', '&=', '|=', '^=', '>>=', '>>>=', '<<=', '%=', '=', ':=', '<'}
line 30:47 mismatched input ':=' expecting {';', ',', '&', '?', '++', '--', '+', '-', '*', '/', '%', '<=', '>=', '>', '==', '!=', '^', '|', '&&', '||', '+=', '-=', '*=', '/=', '&=', '|=', '^=', '>>=', '>>>=', '<<=', '%=', '=', ':=', '<'}
line 30:56 mismatched input ':=' expecting {';', ',', '&', '?', '++', '--', '+', '-', '*', '/', '%', '<=', '>=', '>', '==', '!=', '^', '|', '&&', '||', '+=', '-=', '*=', '/=', '&=', '|=', '^=', '>>=', '>>>=', '<<=', '%=', '=', ':=', '<'}
line 34:23 mismatched input ':=' expecting {';', ',', '&', '?', '++', '--', '+', '-', '*', '/', '%', '<=', '>=', '>', '==', '!=', '^', '|', '&&', '||', '+=', '-=', '*=', '/=', '&=', '|=', '^=', '>>=', '>>>=', '<<=', '%=', '=', ':=', '<'}
line 46:22 mismatched input ':=' expecting {';', ',', '&', '?', '++', '--', '+', '-', '*', '/', '%', '<=', '>=', '>', '==', '!=', '^', '|', '&&', '||', '+=', '-=', '*=', '/=', '&=', '|=', '^=', '>>=', '>>>=', '<<=', '%=', '=', ':=', '<'}
line 51:23 mismatched input ':=' expecting {';', ',', '&', '?', '++', '--', '+', '-', '*', '/', '%', '<=', '>=', '>', '==', '!=', '^', '|', '&&', '||', '+=', '-=', '*=', '/=', '&=', '|=', '^=', '>>=', '>>>=', '<<=', '%=', '=', ':=', '<'}
line 59:24 mismatched input ':=' expecting {';', ',', '&', '?', '++', '--', '+', '-', '*', '/', '%', '<=', '>=', '>', '==', '!=', '^', '|', '&&', '||', '+=', '-=', '*=', '/=', '&=', '|=', '^=', '>>=', '>>>=', '<<=', '%=', '=', ':=', '<'}
line 59:36 mismatched input ':=' expecting {';', ',', '&', '?', '++', '--', '+', '-', '*', '/', '%', '<=', '>=', '>', '==', '!=', '^', '|', '&&', '||', '+=', '-=', '*=', '/=', '&=', '|=', '^=', '>>=', '>>>=', '<<=', '%=', '=', ':=', '<'}
line 59:46 mismatched input ':=' expecting {';', ',', '&', '?', '++', '--', '+', '-', '*', '/', '%', '<=', '>=', '>', '==', '!=', '^', '|', '&&', '||', '+=', '-=', '*=', '/=', '&=', '|=', '^=', '>>=', '>>>=', '<<=', '%=', '=', ':=', '<'}
line 64:22 mismatched input ':=' expecting {';', ',', '&', '?', '++', '--', '+', '-', '*', '/', '%', '<=', '>=', '>', '==', '!=', '^', '|', '&&', '||', '+=', '-=', '*=', '/=', '&=', '|=', '^=', '>>=', '>>>=', '<<=', '%=', '=', ':=', '<'}
line 69:22 mismatched input ':=' expecting {';', ',', '&', '?', '++', '--', '+', '-', '*', '/', '%', '<=', '>=', '>', '==', '!=', '^', '|', '&&', '||', '+=', '-=', '*=', '/=', '&=', '|=', '^=', '>>=', '>>>=', '<<=', '%=', '=', ':=', '<'}
line 12:22 mismatched input ':=' expecting {';', ',', '&', '?', '++', '--', '+', '-', '*', '/', '%', '<=', '>=', '>', '==', '!=', '^', '|', '&&', '||', '+=', '-=', '*=', '/=', '&=', '|=', '^=', '>>=', '>>>=', '<<=', '%=', '=', ':=', '<'}
line 16:22 mismatched input ':=' expecting {';', ',', '&', '?', '++', '--', '+', '-', '*', '/', '%', '<=', '>=', '>', '==', '!=', '^', '|', '&&', '||', '+=', '-=', '*=', '/=', '&=', '|=', '^=', '>>=', '>>>=', '<<=', '%=', '=', ':=', '<'}
line 19:22 mismatched input ':=' expecting {';', ',', '&', '?', '++', '--', '+', '-', '*', '/', '%', '<=', '>=', '>', '==', '!=', '^', '|', '&&', '||', '+=', '-=', '*=', '/=', '&=', '|=', '^=', '>>=', '>>>=', '<<=', '%=', '=', ':=', '<'}
line 23:24 mismatched input ':=' expecting {';', ',', '&', '?', '++', '--', '+', '-', '*', '/', '%', '<=', '>=', '>', '==', '!=', '^', '|', '&&', '||', '+=', '-=', '*=', '/=', '&=', '|=', '^=', '>>=', '>>>=', '<<=', '%=', '=', ':=', '<'}
line 30:23 mismatched input ':=' expecting {';', ',', '&', '?', '++', '--', '+', '-', '*', '/', '%', '<=', '>=', '>', '==', '!=', '^', '|', '&&', '||', '+=', '-=', '*=', '/=', '&=', '|=', '^=', '>>=', '>>>=', '<<=', '%=', '=', ':=', '<'}
line 30:36 mismatched input ':=' expecting {';', ',', '&', '?', '++', '--', '+', '-', '*', '/', '%', '<=', '>=', '>', '==', '!=', '^', '|', '&&', '||', '+=', '-=', '*=', '/=', '&=', '|=', '^=', '>>=', '>>>=', '<<=', '%=', '=', ':=', '<'}
line 30:47 mismatched input ':=' expecting {';', ',', '&', '?', '++', '--', '+', '-', '*', '/', '%', '<=', '>=', '>', '==', '!=', '^', '|', '&&', '||', '+=', '-=', '*=', '/=', '&=', '|=', '^=', '>>=', '>>>=', '<<=', '%=', '=', ':=', '<'}
line 30:56 mismatched input ':=' expecting {';', ',', '&', '?', '++', '--', '+', '-', '*', '/', '%', '<=', '>=', '>', '==', '!=', '^', '|', '&&', '||', '+=', '-=', '*=', '/=', '&=', '|=', '^=', '>>=', '>>>=', '<<=', '%=', '=', ':=', '<'}
line 34:23 mismatched input ':=' expecting {';', ',', '&', '?', '++', '--', '+', '-', '*', '/', '%', '<=', '>=', '>', '==', '!=', '^', '|', '&&', '||', '+=', '-=', '*=', '/=', '&=', '|=', '^=', '>>=', '>>>=', '<<=', '%=', '=', ':=', '<'}
line 46:22 mismatched input ':=' expecting {';', ',', '&', '?', '++', '--', '+', '-', '*', '/', '%', '<=', '>=', '>', '==', '!=', '^', '|', '&&', '||', '+=', '-=', '*=', '/=', '&=', '|=', '^=', '>>=', '>>>=', '<<=', '%=', '=', ':=', '<'}
line 51:23 mismatched input ':=' expecting {';', ',', '&', '?', '++', '--', '+', '-', '*', '/', '%', '<=', '>=', '>', '==', '!=', '^', '|', '&&', '||', '+=', '-=', '*=', '/=', '&=', '|=', '^=', '>>=', '>>>=', '<<=', '%=', '=', ':=', '<'}
line 59:24 mismatched input ':=' expecting {';', ',', '&', '?', '++', '--', '+', '-', '*', '/', '%', '<=', '>=', '>', '==', '!=', '^', '|', '&&', '||', '+=', '-=', '*=', '/=', '&=', '|=', '^=', '>>=', '>>>=', '<<=', '%=', '=', ':=', '<'}
line 59:36 mismatched input ':=' expecting {';', ',', '&', '?', '++', '--', '+', '-', '*', '/', '%', '<=', '>=', '>', '==', '!=', '^', '|', '&&', '||', '+=', '-=', '*=', '/=', '&=', '|=', '^=', '>>=', '>>>=', '<<=', '%=', '=', ':=', '<'}
line 59:46 mismatched input ':=' expecting {';', ',', '&', '?', '++', '--', '+', '-', '*', '/', '%', '<=', '>=', '>', '==', '!=', '^', '|', '&&', '||', '+=', '-=', '*=', '/=', '&=', '|=', '^=', '>>=', '>>>=', '<<=', '%=', '=', ':=', '<'}
line 64:22 mismatched input ':=' expecting {';', ',', '&', '?', '++', '--', '+', '-', '*', '/', '%', '<=', '>=', '>', '==', '!=', '^', '|', '&&', '||', '+=', '-=', '*=', '/=', '&=', '|=', '^=', '>>=', '>>>=', '<<=', '%=', '=', ':=', '<'}
line 69:22 mismatched input ':=' expecting {';', ',', '&', '?', '++', '--', '+', '-', '*', '/', '%', '<=', '>=', '>', '==', '!=', '^', '|', '&&', '||', '+=', '-=', '*=', '/=', '&=', '|=', '^=', '>>=', '>>>=', '<<=', '%=', '=', ':=', '<'}
line 12:22 mismatched input ':=' expecting {';', ',', '&', '?', '++', '--', '+', '-', '*', '/', '%', '<=', '>=', '>', '==', '!=', '^', '|', '&&', '||', '+=', '-=', '*=', '/=', '&=', '|=', '^=', '>>=', '>>>=', '<<=', '%=', '=', ':=', '<'}
line 16:22 mismatched input ':=' expecting {';', ',', '&', '?', '++', '--', '+', '-', '*', '/', '%', '<=', '>=', '>', '==', '!=', '^', '|', '&&', '||', '+=', '-=', '*=', '/=', '&=', '|=', '^=', '>>=', '>>>=', '<<=', '%=', '=', ':=', '<'}
line 19:22 mismatched input ':=' expecting {';', ',', '&', '?', '++', '--', '+', '-', '*', '/', '%', '<=', '>=', '>', '==', '!=', '^', '|', '&&', '||', '+=', '-=', '*=', '/=', '&=', '|=', '^=', '>>=', '>>>=', '<<=', '%=', '=', ':=', '<'}
line 23:24 mismatched input ':=' expecting {';', ',', '&', '?', '++', '--', '+', '-', '*', '/', '%', '<=', '>=', '>', '==', '!=', '^', '|', '&&', '||', '+=', '-=', '*=', '/=', '&=', '|=', '^=', '>>=', '>>>=', '<<=', '%=', '=', ':=', '<'}
line 30:23 mismatched input ':=' expecting {';', ',', '&', '?', '++', '--', '+', '-', '*', '/', '%', '<=', '>=', '>', '==', '!=', '^', '|', '&&', '||', '+=', '-=', '*=', '/=', '&=', '|=', '^=', '>>=', '>>>=', '<<=', '%=', '=', ':=', '<'}
line 30:36 mismatched input ':=' expecting {';', ',', '&', '?', '++', '--', '+', '-', '*', '/', '%', '<=', '>=', '>', '==', '!=', '^', '|', '&&', '||', '+=', '-=', '*=', '/=', '&=', '|=', '^=', '>>=', '>>>=', '<<=', '%=', '=', ':=', '<'}
line 30:47 mismatched input ':=' expecting {';', ',', '&', '?', '++', '--', '+', '-', '*', '/', '%', '<=', '>=', '>', '==', '!=', '^', '|', '&&', '||', '+=', '-=', '*=', '/=', '&=', '|=', '^=', '>>=', '>>>=', '<<=', '%=', '=', ':=', '<'}
line 30:56 mismatched input ':=' expecting {';', ',', '&', '?', '++', '--', '+', '-', '*', '/', '%', '<=', '>=', '>', '==', '!=', '^', '|', '&&', '||', '+=', '-=', '*=', '/=', '&=', '|=', '^=', '>>=', '>>>=', '<<=', '%=', '=', ':=', '<'}
line 34:23 mismatched input ':=' expecting {';', ',', '&', '?', '++', '--', '+', '-', '*', '/', '%', '<=', '>=', '>', '==', '!=', '^', '|', '&&', '||', '+=', '-=', '*=', '/=', '&=', '|=', '^=', '>>=', '>>>=', '<<=', '%=', '=', ':=', '<'}
line 46:22 mismatched input ':=' expecting {';', ',', '&', '?', '++', '--', '+', '-', '*', '/', '%', '<=', '>=', '>', '==', '!=', '^', '|', '&&', '||', '+=', '-=', '*=', '/=', '&=', '|=', '^=', '>>=', '>>>=', '<<=', '%=', '=', ':=', '<'}
line 51:23 mismatched input ':=' expecting {';', ',', '&', '?', '++', '--', '+', '-', '*', '/', '%', '<=', '>=', '>', '==', '!=', '^', '|', '&&', '||', '+=', '-=', '*=', '/=', '&=', '|=', '^=', '>>=', '>>>=', '<<=', '%=', '=', ':=', '<'}
line 59:24 mismatched input ':=' expecting {';', ',', '&', '?', '++', '--', '+', '-', '*', '/', '%', '<=', '>=', '>', '==', '!=', '^', '|', '&&', '||', '+=', '-=', '*=', '/=', '&=', '|=', '^=', '>>=', '>>>=', '<<=', '%=', '=', ':=', '<'}
line 59:36 mismatched input ':=' expecting {';', ',', '&', '?', '++', '--', '+', '-', '*', '/', '%', '<=', '>=', '>', '==', '!=', '^', '|', '&&', '||', '+=', '-=', '*=', '/=', '&=', '|=', '^=', '>>=', '>>>=', '<<=', '%=', '=', ':=', '<'}
line 59:46 mismatched input ':=' expecting {';', ',', '&', '?', '++', '--', '+', '-', '*', '/', '%', '<=', '>=', '>', '==', '!=', '^', '|', '&&', '||', '+=', '-=', '*=', '/=', '&=', '|=', '^=', '>>=', '>>>=', '<<=', '%=', '=', ':=', '<'}
line 64:22 mismatched input ':=' expecting {';', ',', '&', '?', '++', '--', '+', '-', '*', '/', '%', '<=', '>=', '>', '==', '!=', '^', '|', '&&', '||', '+=', '-=', '*=', '/=', '&=', '|=', '^=', '>>=', '>>>=', '<<=', '%=', '=', ':=', '<'}
line 69:22 mismatched input ':=' expecting {';', ',', '&', '?', '++', '--', '+', '-', '*', '/', '%', '<=', '>=', '>', '==', '!=', '^', '|', '&&', '||', '+=', '-=', '*=', '/=', '&=', '|=', '^=', '>>=', '>>>=', '<<=', '%=', '=', ':=', '<'}
]]></system-err>
</testsuite>
